g:\c++\mind\project5\debug\vc141.pdb
g:\c++\mind\project5\debug\vc141.idb
g:\c++\mind\project5\debug\mymath.obj
g:\c++\mind\project5\debug\main.obj
g:\c++\mind\project5\debug\line.obj
g:\c++\mind\project5\debug\gameobject.obj
g:\c++\mind\project5\debug\gameobjectfactory.obj
g:\c++\mind\project5\debug\polygon2d.obj
g:\c++\mind\project5\debug\screen.obj
g:\c++\mind\project5\debug\mindscreen.obj
g:\c++\mind\project5\debug\graphics.obj
g:\c++\mind\project5\debug\mindwin.obj
g:\c++\mind\debug\project5.exe
g:\c++\mind\debug\project5.ilk
g:\c++\mind\debug\project5.pdb
g:\c++\mind\project5\debug\project5.res
g:\c++\mind\project5\debug\project5.tlog\cl.command.1.tlog
g:\c++\mind\project5\debug\project5.tlog\cl.read.1.tlog
g:\c++\mind\project5\debug\project5.tlog\cl.write.1.tlog
g:\c++\mind\project5\debug\project5.tlog\link.command.1.tlog
g:\c++\mind\project5\debug\project5.tlog\link.read.1.tlog
g:\c++\mind\project5\debug\project5.tlog\link.write.1.tlog
g:\c++\mind\project5\debug\project5.tlog\rc.command.1.tlog
g:\c++\mind\project5\debug\project5.tlog\rc.read.1.tlog
g:\c++\mind\project5\debug\project5.tlog\rc.write.1.tlog
